TN:
SF:src\db\connection.ts
FNF:11
FNH:3
DA:2,38
DA:7,7
DA:14,31
DA:15,13
DA:16,11
DA:18,32
DA:19,71
DA:20,0
DA:21,0
DA:22,2
DA:24,2
DA:25,10
DA:33,11
DA:34,8
DA:35,0
DA:36,0
DA:37,2
DA:40,9
DA:42,30
DA:43,19
DA:44,70
DA:45,80
DA:46,16
DA:47,30
DA:48,0
DA:49,4
DA:53,10
DA:56,0
DA:57,0
DA:58,0
DA:59,0
DA:60,1
DA:66,0
DA:67,0
DA:68,0
DA:69,0
DA:70,0
DA:71,0
DA:72,0
DA:73,0
DA:74,0
DA:75,0
DA:76,0
DA:77,1
DA:84,11
DA:85,39
DA:92,0
DA:93,0
DA:94,0
DA:95,0
DA:96,0
DA:97,0
DA:98,0
DA:99,0
DA:100,1
DA:108,0
DA:109,0
DA:110,0
DA:111,0
DA:112,0
DA:113,0
DA:114,0
DA:115,1
DA:122,0
DA:123,0
DA:124,0
DA:125,0
DA:126,0
DA:127,0
DA:128,0
DA:129,0
DA:130,0
DA:131,0
DA:132,0
DA:133,0
DA:134,0
DA:135,0
DA:136,1
DA:144,0
DA:145,0
DA:146,0
DA:147,0
DA:148,0
DA:149,0
DA:150,0
DA:151,0
DA:152,0
DA:153,0
DA:154,0
DA:155,0
DA:156,0
DA:157,0
DA:158,0
DA:159,0
DA:160,0
DA:161,0
DA:162,0
DA:163,0
DA:164,0
DA:165,0
DA:166,1
DA:173,0
DA:174,0
DA:175,0
DA:176,0
DA:177,0
DA:178,0
DA:179,0
DA:180,1
DA:188,0
DA:189,0
DA:190,0
DA:191,0
DA:192,0
DA:193,0
DA:194,0
DA:195,0
DA:196,0
DA:197,0
DA:198,0
DA:199,0
DA:200,0
DA:201,0
DA:202,0
LF:205
LH:31
end_of_record
TN:
SF:src\db\migrations.ts
FNF:29
FNH:5
DA:2,43
DA:18,21
DA:19,5
DA:20,15
DA:21,31
DA:22,0
DA:23,0
DA:24,0
DA:25,0
DA:26,0
DA:27,0
DA:28,0
DA:29,0
DA:30,0
DA:31,0
DA:32,0
DA:33,0
DA:34,0
DA:35,0
DA:36,0
DA:37,0
DA:38,5
DA:40,0
DA:41,0
DA:42,2
DA:44,4
DA:46,5
DA:47,15
DA:48,31
DA:49,0
DA:50,0
DA:51,0
DA:52,0
DA:53,0
DA:54,0
DA:55,0
DA:56,0
DA:57,0
DA:58,0
DA:59,0
DA:60,5
DA:62,0
DA:63,0
DA:64,2
DA:66,4
DA:68,5
DA:69,15
DA:70,37
DA:71,0
DA:72,0
DA:73,0
DA:74,0
DA:75,0
DA:76,0
DA:77,0
DA:78,0
DA:79,0
DA:80,0
DA:81,0
DA:82,0
DA:83,0
DA:84,0
DA:85,0
DA:86,5
DA:88,0
DA:89,0
DA:90,2
DA:92,4
DA:94,5
DA:95,15
DA:96,36
DA:97,0
DA:98,0
DA:99,0
DA:100,0
DA:101,0
DA:102,0
DA:103,0
DA:104,0
DA:105,0
DA:106,0
DA:107,0
DA:108,0
DA:109,0
DA:110,0
DA:111,0
DA:112,0
DA:113,5
DA:115,0
DA:116,0
DA:117,2
DA:119,4
DA:121,5
DA:122,15
DA:123,42
DA:124,0
DA:125,0
DA:126,0
DA:127,0
DA:128,0
DA:129,0
DA:130,0
DA:131,0
DA:132,0
DA:133,0
DA:134,0
DA:135,0
DA:136,0
DA:137,0
DA:138,0
DA:139,0
DA:140,5
DA:142,0
DA:143,0
DA:144,2
DA:146,4
DA:148,5
DA:149,15
DA:150,34
DA:151,0
DA:152,0
DA:153,0
DA:154,0
DA:155,0
DA:156,0
DA:157,0
DA:158,0
DA:159,0
DA:160,0
DA:161,0
DA:162,0
DA:163,0
DA:164,0
DA:165,0
DA:166,0
DA:167,0
DA:168,0
DA:169,0
DA:170,0
DA:171,0
DA:172,5
DA:174,0
DA:175,0
DA:176,2
DA:178,4
DA:180,5
DA:181,15
DA:182,43
DA:183,0
DA:184,0
DA:185,0
DA:186,0
DA:187,0
DA:188,0
DA:189,0
DA:190,0
DA:191,0
DA:192,0
DA:193,5
DA:195,0
DA:196,0
DA:197,2
DA:199,4
DA:201,5
DA:202,15
DA:203,35
DA:204,0
DA:205,0
DA:206,0
DA:207,0
DA:208,0
DA:209,0
DA:210,0
DA:211,0
DA:212,0
DA:213,0
DA:214,0
DA:215,5
DA:217,0
DA:218,0
DA:219,0
DA:220,0
DA:221,0
DA:222,0
DA:223,0
DA:224,0
DA:225,0
DA:226,0
DA:227,0
DA:228,0
DA:229,0
DA:230,0
DA:231,0
DA:232,0
DA:233,0
DA:234,0
DA:235,0
DA:236,0
DA:237,0
DA:238,0
DA:239,0
DA:240,0
DA:241,0
DA:242,0
DA:243,0
DA:244,0
DA:245,2
DA:247,4
DA:249,5
DA:250,15
DA:251,33
DA:252,0
DA:253,0
DA:254,0
DA:255,0
DA:256,0
DA:257,0
DA:258,0
DA:259,0
DA:260,0
DA:261,0
DA:262,5
DA:264,0
DA:265,0
DA:266,0
DA:267,0
DA:268,0
DA:269,0
DA:270,0
DA:271,0
DA:272,0
DA:273,0
DA:274,0
DA:275,0
DA:276,0
DA:277,0
DA:278,0
DA:279,0
DA:280,0
DA:281,0
DA:282,0
DA:283,0
DA:284,0
DA:285,2
DA:287,4
DA:289,5
DA:290,16
DA:291,36
DA:292,0
DA:293,0
DA:294,0
DA:295,0
DA:296,0
DA:297,0
DA:298,5
DA:300,0
DA:301,0
DA:302,0
DA:303,0
DA:304,0
DA:305,0
DA:306,0
DA:307,0
DA:308,0
DA:309,0
DA:310,0
DA:311,0
DA:312,0
DA:313,0
DA:314,0
DA:315,0
DA:316,0
DA:317,0
DA:318,0
DA:319,0
DA:320,0
DA:321,0
DA:322,0
DA:323,2
DA:325,2
DA:326,1
DA:331,5
DA:332,9
DA:333,29
DA:334,24
DA:335,55
DA:336,12
DA:337,27
DA:338,0
DA:340,0
DA:347,0
DA:348,0
DA:349,0
DA:350,0
DA:351,1
DA:357,10
DA:358,55
DA:360,27
DA:363,225
DA:370,4
DA:372,51
DA:374,87
DA:377,79
DA:379,40
DA:380,56
DA:381,6
DA:382,0
DA:384,0
DA:387,0
DA:388,0
DA:390,0
DA:391,0
DA:393,0
DA:396,0
DA:397,0
DA:398,0
DA:400,0
DA:401,0
DA:403,0
DA:404,0
DA:406,0
DA:407,0
DA:408,0
DA:409,1
DA:416,0
DA:417,0
DA:418,0
DA:419,0
DA:420,0
DA:421,0
DA:422,0
DA:423,0
DA:424,0
DA:425,0
DA:426,0
DA:427,0
DA:428,0
DA:429,0
DA:430,0
DA:431,0
DA:432,0
DA:433,0
DA:434,0
DA:435,0
DA:436,0
DA:437,0
DA:438,0
DA:439,0
DA:440,0
DA:441,0
DA:442,0
DA:443,0
DA:444,0
DA:445,0
DA:446,0
DA:447,0
DA:448,0
DA:449,0
DA:450,0
DA:451,0
DA:452,1
DA:459,0
DA:460,0
DA:461,0
DA:462,0
DA:463,0
DA:464,0
DA:465,0
DA:466,0
DA:467,0
DA:468,0
DA:469,0
DA:470,0
DA:471,0
DA:472,0
DA:473,0
DA:474,0
DA:475,1
DA:481,0
DA:482,0
DA:483,0
DA:484,0
DA:485,0
DA:486,0
DA:487,0
DA:488,0
DA:489,0
DA:490,0
DA:491,0
DA:492,0
DA:493,0
DA:494,0
DA:495,0
DA:496,0
DA:497,0
DA:498,0
DA:499,0
DA:500,0
DA:501,0
DA:502,0
DA:503,0
DA:504,0
DA:505,0
DA:506,0
DA:507,0
DA:508,0
DA:509,0
DA:510,0
DA:511,0
LF:514
LH:85
end_of_record
TN:
SF:src\scripts\seed.ts
FNF:6
FNH:4
DA:2,105
DA:3,49
DA:4,47
DA:5,60
DA:11,29
DA:13,60
DA:14,64
DA:15,64
DA:16,64
DA:17,64
DA:20,60
DA:21,64
DA:22,64
DA:23,64
DA:24,64
DA:27,72
DA:28,76
DA:29,76
DA:30,76
DA:31,76
DA:34,64
DA:35,68
DA:36,68
DA:37,68
DA:38,70
DA:39,72
DA:42,64
DA:43,70
DA:44,62
DA:45,66
DA:46,76
DA:49,64
DA:50,68
DA:51,68
DA:54,56
DA:55,58
DA:56,56
DA:57,2
DA:62,23
DA:63,5
DA:64,18
DA:65,65
DA:66,20
DA:67,69
DA:68,139
DA:69,114
DA:70,67
DA:71,15
DA:72,3
DA:73,4
DA:74,5
DA:75,22
DA:76,69
DA:77,20
DA:78,40
DA:79,115
DA:80,21
DA:81,32
DA:82,3
DA:83,4
DA:84,5
DA:85,19
DA:86,80
DA:87,20
DA:88,91
DA:89,32
DA:90,3
DA:91,4
DA:92,5
DA:93,19
DA:94,77
DA:95,20
DA:96,67
DA:97,14
DA:98,3
DA:99,4
DA:100,5
DA:101,17
DA:102,61
DA:103,20
DA:104,21
DA:105,14
DA:106,3
DA:107,4
DA:108,5
DA:109,18
DA:110,52
DA:111,20
DA:112,18
DA:113,3
DA:114,2
DA:115,2
DA:120,23
DA:121,5
DA:122,31
DA:123,28
DA:124,24
DA:125,30
DA:126,18
DA:127,4
DA:128,5
DA:129,35
DA:130,30
DA:131,25
DA:132,26
DA:133,22
DA:134,4
DA:135,5
DA:136,32
DA:137,27
DA:138,25
DA:139,23
DA:140,19
DA:141,4
DA:142,5
DA:143,32
DA:144,27
DA:145,25
DA:146,23
DA:147,19
DA:148,4
DA:149,5
DA:150,30
DA:151,25
DA:152,25
DA:153,21
DA:154,17
DA:155,2
DA:156,2
DA:161,10
DA:162,9
DA:163,73
DA:166,19
DA:167,26
DA:169,52
DA:170,40
DA:172,62
DA:175,39
DA:176,51
DA:177,13
DA:178,76
DA:179,22
DA:180,59
DA:181,6
DA:182,0
DA:183,4
DA:185,4
DA:187,59
DA:190,33
DA:191,39
DA:192,13
DA:193,61
DA:194,26
DA:195,37
DA:196,11
DA:198,32
DA:199,49
DA:202,54
DA:203,0
DA:204,0
DA:205,0
DA:206,0
DA:207,8
DA:208,6
DA:209,0
DA:210,4
DA:212,4
DA:214,62
DA:217,39
DA:218,13
DA:219,53
DA:220,28
DA:221,31
DA:222,11
DA:224,22
DA:225,64
DA:228,47
DA:229,54
DA:230,11
DA:231,0
DA:232,0
DA:233,0
DA:234,0
DA:235,10
DA:236,10
DA:237,81
DA:238,6
DA:239,0
DA:240,4
DA:242,4
DA:244,59
DA:245,41
DA:246,62
DA:247,53
DA:248,56
DA:249,56
DA:250,60
DA:251,70
DA:252,61
DA:253,61
DA:254,53
DA:256,0
DA:257,0
DA:258,2
DA:265,10
DA:266,9
DA:269,29
DA:270,0
DA:271,4
DA:273,27
DA:276,11
DA:277,41
DA:278,0
DA:279,0
DA:280,0
DA:281,0
DA:282,0
DA:283,0
DA:284,4
DA:289,22
DA:290,19
DA:291,25
DA:292,17
DA:293,14
DA:294,14
DA:295,17
DA:296,6
DA:298,34
DA:299,13
DA:300,38
DA:301,0
DA:302,4
DA:304,4
DA:307,38
DA:310,0
DA:311,0
DA:312,2
DA:319,0
DA:320,0
DA:321,0
DA:322,0
DA:323,0
DA:324,0
DA:325,0
DA:326,0
DA:327,0
DA:328,0
DA:329,0
DA:330,1
DA:337,0
DA:338,0
DA:339,0
DA:340,0
DA:341,0
DA:342,0
DA:343,0
DA:344,0
DA:345,0
DA:346,0
DA:347,0
DA:348,0
DA:349,0
DA:350,0
DA:351,0
DA:352,0
DA:353,0
DA:354,0
DA:355,0
DA:356,0
DA:357,0
DA:358,0
DA:359,0
DA:360,0
DA:361,0
DA:362,0
DA:363,0
DA:364,0
DA:365,0
DA:366,0
DA:367,0
DA:368,0
DA:369,0
DA:370,0
DA:371,0
DA:372,0
DA:373,0
DA:374,0
DA:375,0
DA:376,0
DA:377,0
DA:378,0
DA:379,1
DA:384,20
DA:385,0
DA:387,0
DA:388,0
DA:389,0
DA:390,0
DA:391,0
DA:392,0
DA:393,0
DA:394,0
DA:395,0
DA:396,0
DA:397,0
DA:398,0
DA:399,0
DA:401,0
DA:402,0
DA:403,0
DA:404,0
DA:405,0
DA:408,0
LF:409
LH:217
end_of_record
TN:
SF:src\services\auth.ts
FNF:34
FNH:30
DA:2,47
DA:3,38
DA:19,11
DA:25,11
DA:26,11
DA:27,31
DA:28,41
DA:31,38
DA:34,66
DA:35,26
DA:36,18
DA:37,25
DA:38,20
DA:39,37
DA:40,56
DA:41,9
DA:42,1
DA:43,6
DA:46,69
DA:47,28
DA:48,14
DA:49,9
DA:52,41
DA:53,214
DA:56,8
DA:57,117
DA:60,43
DA:63,101
DA:64,10
DA:65,0
DA:66,6
DA:69,34
DA:70,63
DA:71,8
DA:72,36
DA:75,57
DA:76,74
DA:79,109
DA:81,16
DA:82,22
DA:83,34
DA:84,14
DA:85,18
DA:86,2
DA:87,21
DA:88,54
DA:89,16
DA:90,23
DA:91,18
DA:92,45
DA:93,55
DA:94,7
DA:95,3
DA:104,11
DA:105,11
DA:106,31
DA:107,41
DA:110,35
DA:113,61
DA:114,27
DA:115,30
DA:116,9
DA:118,19
DA:119,18
DA:120,25
DA:121,20
DA:122,41
DA:123,40
DA:124,9
DA:125,1
DA:126,6
DA:129,29
DA:130,18
DA:131,25
DA:132,20
DA:133,41
DA:134,40
DA:135,9
DA:136,1
DA:137,6
DA:140,91
DA:141,30
DA:142,18
DA:143,25
DA:144,20
DA:145,41
DA:146,40
DA:147,9
DA:148,1
DA:149,6
DA:152,29
DA:153,93
DA:154,8
DA:155,31
DA:158,109
DA:159,17
DA:160,0
DA:161,0
DA:162,0
DA:163,0
DA:164,0
DA:165,0
DA:166,0
DA:167,6
DA:170,64
DA:171,81
DA:173,70
DA:175,16
DA:176,22
DA:177,26
DA:178,14
DA:179,18
DA:180,1
DA:181,0
DA:182,0
DA:183,0
DA:184,0
DA:185,0
DA:186,0
DA:187,0
DA:188,0
DA:189,2
DA:199,23
DA:200,11
DA:201,31
DA:204,54
DA:205,176
DA:208,23
DA:209,8
DA:210,39
DA:212,37
DA:213,11
DA:214,6
DA:216,37
DA:217,22
DA:218,24
DA:219,30
DA:220,46
DA:221,88
DA:222,39
DA:223,37
DA:224,50
DA:225,50
DA:226,47
DA:227,46
DA:228,15
DA:229,8
DA:232,34
DA:233,75
DA:234,6
DA:236,11
DA:237,0
DA:238,0
DA:239,2
DA:249,26
DA:250,11
DA:251,31
DA:253,180
DA:259,43
DA:261,23
DA:262,0
DA:263,6
DA:265,56
DA:267,37
DA:268,11
DA:269,6
DA:271,37
DA:272,22
DA:273,24
DA:274,30
DA:275,46
DA:276,77
DA:277,39
DA:278,37
DA:279,50
DA:280,50
DA:281,47
DA:282,46
DA:283,15
DA:284,8
DA:287,34
DA:288,84
DA:289,6
DA:291,11
DA:292,0
DA:293,0
DA:294,2
DA:304,41
DA:305,11
DA:306,31
DA:308,201
DA:314,8
DA:315,49
DA:317,23
DA:318,44
DA:319,24
DA:320,26
DA:321,30
DA:322,52
DA:323,23
DA:324,10
DA:327,34
DA:328,285
DA:334,12
DA:335,66
DA:337,0
DA:338,0
DA:339,0
DA:340,0
DA:341,0
DA:342,0
DA:343,10
DA:344,8
DA:346,23
DA:347,6
DA:349,12
DA:350,0
DA:351,0
DA:352,2
DA:361,23
DA:362,11
DA:363,31
DA:366,51
DA:367,10
DA:368,0
DA:369,0
DA:370,0
DA:371,0
DA:372,0
DA:373,0
DA:374,0
DA:375,6
DA:378,76
DA:379,53
DA:381,25
DA:382,18
DA:383,25
DA:384,20
DA:385,36
DA:386,49
DA:387,9
DA:388,1
DA:389,6
DA:392,31
DA:393,61
DA:394,8
DA:395,64
DA:397,22
DA:398,18
DA:399,25
DA:400,20
DA:401,37
DA:402,47
DA:403,9
DA:404,1
DA:405,6
DA:408,33
DA:409,93
DA:410,8
DA:411,70
DA:413,75
DA:414,24
DA:415,0
DA:416,0
DA:417,0
DA:418,0
DA:419,0
DA:420,0
DA:421,0
DA:422,0
DA:423,2
DA:431,13
DA:432,11
DA:433,31
DA:436,81
DA:437,41
DA:439,35
DA:441,43
DA:442,33
DA:443,73
DA:444,10
DA:445,44
DA:446,34
DA:447,6
DA:450,33
DA:451,93
DA:452,8
DA:453,69
DA:454,0
DA:455,0
DA:456,4
DA:464,12
DA:465,41
DA:466,65
DA:467,38
DA:468,11
DA:469,4
DA:472,52
DA:473,40
DA:474,54
DA:475,38
DA:476,11
DA:477,4
DA:480,36
DA:481,59
DA:482,38
DA:483,11
DA:484,4
DA:486,58
DA:487,0
DA:488,0
DA:489,0
DA:490,3
DA:497,12
DA:498,34
DA:499,0
DA:500,4
DA:502,52
DA:503,33
DA:504,0
DA:505,3
DA:513,26
DA:514,11
DA:515,31
DA:518,27
DA:519,0
DA:520,0
DA:521,0
DA:522,0
DA:523,0
DA:524,0
DA:525,0
DA:526,6
DA:529,67
DA:530,28
DA:531,14
DA:532,9
DA:535,37
DA:536,79
DA:537,8
DA:538,52
DA:540,78
DA:541,24
DA:542,0
DA:543,0
DA:544,0
DA:545,0
DA:546,0
DA:547,0
DA:548,0
DA:549,0
DA:550,2
DA:559,19
DA:560,11
DA:561,31
DA:564,59
DA:565,18
DA:566,0
DA:567,0
DA:568,0
DA:569,0
DA:570,0
DA:571,0
DA:572,0
DA:573,6
DA:576,61
DA:577,71
DA:578,64
DA:579,20
DA:580,27
DA:581,22
DA:582,39
DA:583,43
DA:584,11
DA:585,1
DA:586,0
DA:587,6
DA:590,28
DA:591,28
DA:593,15
DA:594,0
DA:595,0
DA:596,6
DA:597,73
DA:598,43
DA:599,73
DA:600,41
DA:601,6
DA:602,18
DA:603,0
DA:604,0
DA:605,0
DA:606,0
DA:607,0
DA:608,0
DA:609,6
DA:611,56
DA:612,32
DA:615,29
DA:616,58
DA:617,8
DA:618,39
DA:621,21
DA:622,0
DA:623,0
DA:624,0
DA:625,0
DA:626,6
DA:629,108
DA:630,17
DA:631,0
DA:632,0
DA:633,0
DA:634,0
DA:635,0
DA:636,0
DA:637,0
DA:638,6
DA:640,70
DA:641,43
DA:642,0
DA:643,0
DA:644,0
DA:645,0
DA:646,0
DA:647,0
DA:648,0
DA:649,0
DA:650,2
DA:658,13
DA:659,11
DA:660,31
DA:662,33
DA:663,75
DA:664,8
DA:665,34
DA:667,59
DA:668,24
DA:669,0
DA:670,0
DA:671,0
DA:672,0
DA:673,0
DA:674,0
DA:675,0
DA:676,0
DA:677,2
DA:685,13
DA:686,11
DA:687,31
DA:689,31
DA:690,75
DA:691,8
DA:692,32
DA:694,56
DA:695,24
DA:696,0
DA:697,0
DA:698,0
DA:699,0
DA:700,0
DA:701,0
DA:702,0
DA:703,0
DA:704,2
DA:712,13
DA:713,11
DA:714,31
DA:717,59
DA:718,18
DA:719,0
DA:720,0
DA:721,0
DA:722,0
DA:723,0
DA:724,0
DA:725,0
DA:726,6
DA:729,38
DA:730,42
DA:731,8
DA:732,39
DA:735,33
DA:736,32
DA:737,8
DA:738,34
DA:740,57
DA:741,24
DA:742,0
DA:743,0
DA:744,0
DA:745,0
DA:746,0
DA:747,0
DA:748,0
DA:749,0
DA:750,2
DA:759,23
DA:760,11
DA:761,31
DA:764,59
DA:765,18
DA:766,0
DA:767,0
DA:768,0
DA:769,0
DA:770,0
DA:771,0
DA:772,0
DA:773,6
DA:776,72
DA:777,43
DA:778,10
DA:779,0
DA:780,0
DA:781,0
DA:782,0
DA:783,0
DA:784,0
DA:785,0
DA:786,6
DA:789,31
DA:790,61
DA:791,8
DA:792,58
DA:793,14
DA:794,0
DA:795,0
DA:796,0
DA:797,0
DA:798,0
DA:799,0
DA:800,0
DA:801,6
DA:804,33
DA:805,58
DA:806,8
DA:807,43
DA:809,76
DA:810,24
DA:811,0
DA:812,0
DA:813,0
DA:814,0
DA:815,0
DA:816,0
DA:817,0
DA:818,0
DA:819,2
DA:830,1
DA:831,10
DA:832,12
DA:833,13
DA:834,5
DA:835,11
DA:836,31
DA:837,40
DA:840,31
DA:841,27
DA:843,23
DA:844,0
DA:845,0
DA:846,6
DA:848,19
DA:849,0
DA:850,0
DA:851,0
DA:852,6
DA:854,58
DA:857,47
DA:858,19
DA:859,0
DA:860,0
DA:861,0
DA:862,0
DA:863,0
DA:864,0
DA:865,0
DA:866,0
DA:867,0
DA:868,0
DA:869,0
DA:871,0
DA:873,6
DA:876,88
DA:877,57
DA:878,38
DA:881,28
DA:882,160
DA:883,8
DA:884,72
DA:886,23
DA:887,35
DA:888,0
DA:889,0
DA:890,0
DA:891,0
DA:892,0
DA:893,0
DA:894,0
DA:895,0
DA:896,0
DA:897,0
DA:898,0
DA:899,0
DA:900,0
DA:903,0
DA:904,0
DA:905,0
DA:907,0
DA:908,0
DA:910,1
DA:911,21
DA:912,51
DA:913,58
DA:916,1
DA:921,31
DA:927,0
DA:928,0
DA:929,1
DA:937,0
DA:938,0
DA:939,0
DA:940,0
LF:943
LH:422
end_of_record
TN:
SF:src\services\jwt.ts
FNF:19
FNH:12
DA:10,1
DA:12,77
DA:13,32
DA:14,46
DA:15,9
DA:16,50
DA:17,67
DA:25,37
DA:26,22
DA:27,96
DA:28,140
DA:30,50
DA:31,48
DA:32,52
DA:33,100
DA:34,34
DA:35,62
DA:36,16
DA:39,144
DA:40,56
DA:41,28
DA:42,18
DA:45,48
DA:46,42
DA:47,32
DA:48,16
DA:50,146
DA:51,150
DA:53,178
DA:55,119
DA:56,21
DA:57,58
DA:58,0
DA:59,0
DA:60,0
DA:61,0
DA:62,0
DA:63,0
DA:64,0
DA:65,0
DA:66,0
DA:67,0
DA:68,0
DA:69,0
DA:70,0
DA:71,0
DA:72,0
DA:73,0
DA:74,0
DA:75,0
DA:76,0
DA:77,0
DA:78,0
DA:79,0
DA:80,0
DA:81,0
DA:82,0
DA:83,0
DA:84,0
DA:85,0
DA:86,0
DA:87,0
DA:88,0
DA:89,0
DA:90,0
DA:91,0
DA:92,0
DA:93,0
DA:94,0
DA:95,0
DA:96,0
DA:97,0
DA:98,0
DA:99,62
DA:108,0
DA:109,0
DA:110,0
DA:111,0
DA:112,0
DA:113,0
DA:114,0
DA:115,0
DA:116,0
DA:117,0
DA:118,22
DA:126,0
DA:127,0
DA:128,0
DA:129,0
DA:130,0
DA:131,0
DA:132,0
DA:133,0
DA:134,0
DA:135,0
DA:136,0
DA:137,0
DA:138,23
DA:147,0
DA:148,0
DA:149,0
DA:150,0
DA:151,0
DA:152,0
DA:153,0
DA:154,0
DA:155,0
DA:156,0
DA:157,0
DA:158,0
DA:159,0
DA:160,0
DA:161,0
DA:162,0
DA:163,0
DA:164,0
DA:165,0
DA:166,0
DA:167,0
DA:168,0
DA:169,0
DA:170,0
DA:171,0
DA:172,0
DA:173,0
DA:174,0
DA:175,0
DA:176,0
DA:177,0
DA:178,0
DA:179,0
DA:180,0
DA:181,0
DA:182,0
DA:183,0
DA:184,0
DA:185,0
DA:186,19
DA:194,37
DA:195,110
DA:196,28
DA:197,40
DA:198,40
DA:199,41
DA:207,0
DA:208,0
DA:209,0
DA:210,0
DA:211,0
DA:212,0
DA:213,0
DA:214,0
DA:215,0
DA:216,0
DA:217,0
DA:218,66
DA:226,39
DA:227,72
DA:228,96
DA:229,90
DA:232,84
DA:233,14
DA:234,18
DA:235,70
DA:236,14
DA:237,16
DA:238,12
DA:241,146
DA:242,106
DA:245,132
DA:246,28
DA:247,40
DA:248,40
DA:249,42
DA:257,53
DA:258,42
DA:259,22
DA:260,24
DA:261,28
DA:262,30
DA:263,26
DA:264,12
DA:266,108
DA:267,30
DA:268,63
DA:269,9
DA:271,68
DA:272,70
DA:274,40
DA:275,50
DA:276,9
DA:278,82
DA:286,48
DA:287,46
DA:288,26
DA:289,44
DA:290,82
DA:291,96
DA:292,12
DA:294,146
DA:295,130
DA:297,0
DA:298,0
DA:299,0
DA:300,0
DA:301,0
DA:302,0
DA:303,0
DA:304,0
DA:305,0
DA:306,0
DA:307,0
DA:308,0
DA:309,0
DA:310,0
DA:311,0
DA:312,0
DA:313,0
DA:314,0
DA:315,0
DA:316,0
DA:317,0
DA:318,0
DA:319,0
DA:320,0
DA:321,0
DA:322,0
DA:323,0
DA:324,0
DA:325,0
DA:326,0
DA:327,0
DA:328,0
DA:329,0
DA:330,0
DA:331,0
DA:332,0
DA:333,0
DA:334,69
DA:337,2
DA:342,60
DA:350,80
DA:351,114
DA:352,54
DA:360,45
DA:361,54
DA:362,79
DA:363,5
DA:364,53
LF:365
LH:99
end_of_record
TN:
SF:src\services\permissions.ts
FNF:44
FNH:16
DA:2,47
DA:20,17
DA:26,11
DA:27,11
DA:28,31
DA:31,59
DA:32,24
DA:33,0
DA:34,0
DA:35,0
DA:36,0
DA:37,0
DA:38,0
DA:39,0
DA:40,6
DA:43,76
DA:44,23
DA:45,0
DA:46,0
DA:47,0
DA:48,0
DA:49,0
DA:50,0
DA:51,0
DA:52,6
DA:55,47
DA:56,23
DA:57,103
DA:58,8
DA:59,69
DA:62,69
DA:63,16
DA:64,0
DA:65,0
DA:66,0
DA:67,0
DA:68,0
DA:69,0
DA:70,0
DA:71,6
DA:73,16
DA:74,22
DA:75,16
DA:76,1
DA:77,0
DA:78,0
DA:79,0
DA:80,0
DA:81,0
DA:82,0
DA:83,0
DA:84,0
DA:85,2
DA:94,11
DA:95,11
DA:96,31
DA:99,53
DA:100,24
DA:101,0
DA:102,0
DA:103,0
DA:104,0
DA:105,0
DA:106,0
DA:107,0
DA:108,6
DA:111,64
DA:112,17
DA:113,0
DA:114,0
DA:115,0
DA:116,0
DA:117,0
DA:118,0
DA:119,0
DA:120,6
DA:123,41
DA:124,23
DA:125,73
DA:126,8
DA:127,35
DA:130,56
DA:131,0
DA:132,0
DA:133,0
DA:134,0
DA:135,6
DA:138,57
DA:139,10
DA:140,0
DA:141,0
DA:142,0
DA:143,0
DA:144,0
DA:145,0
DA:146,0
DA:147,6
DA:149,16
DA:150,22
DA:151,10
DA:152,1
DA:153,0
DA:154,0
DA:155,0
DA:156,0
DA:157,0
DA:158,0
DA:159,0
DA:160,0
DA:161,0
DA:162,0
DA:163,0
DA:164,0
DA:165,0
DA:166,0
DA:167,0
DA:168,0
DA:169,0
DA:170,0
DA:171,0
DA:172,0
DA:173,0
DA:174,0
DA:175,0
DA:176,0
DA:177,0
DA:178,0
DA:179,0
DA:180,0
DA:181,0
DA:182,0
DA:183,0
DA:184,0
DA:185,0
DA:186,0
DA:187,0
DA:188,0
DA:189,0
DA:190,0
DA:191,0
DA:192,0
DA:193,0
DA:194,0
DA:195,0
DA:196,0
DA:197,0
DA:198,0
DA:199,0
DA:200,0
DA:201,0
DA:202,0
DA:203,0
DA:204,0
DA:205,0
DA:206,0
DA:207,0
DA:208,0
DA:209,0
DA:210,0
DA:211,0
DA:212,0
DA:213,0
DA:214,0
DA:215,0
DA:216,0
DA:217,0
DA:218,0
DA:219,0
DA:220,0
DA:221,0
DA:222,0
DA:223,0
DA:224,0
DA:225,0
DA:226,0
DA:227,0
DA:228,0
DA:229,0
DA:230,0
DA:231,0
DA:232,0
DA:233,0
DA:234,0
DA:235,0
DA:236,0
DA:237,0
DA:238,0
DA:239,0
DA:240,0
DA:241,0
DA:242,0
DA:243,0
DA:244,0
DA:245,0
DA:246,0
DA:247,0
DA:248,0
DA:249,0
DA:250,0
DA:251,0
DA:252,0
DA:253,0
DA:254,0
DA:255,0
DA:256,0
DA:257,0
DA:258,0
DA:259,0
DA:260,0
DA:261,0
DA:262,0
DA:263,0
DA:264,0
DA:265,0
DA:266,0
DA:267,0
DA:268,0
DA:269,0
DA:270,0
DA:271,0
DA:272,0
DA:273,0
DA:274,0
DA:275,0
DA:276,0
DA:277,0
DA:278,0
DA:279,0
DA:280,0
DA:281,0
DA:282,0
DA:283,0
DA:284,0
DA:285,0
DA:286,0
DA:287,0
DA:288,0
DA:289,0
DA:290,0
DA:291,0
DA:292,0
DA:293,0
DA:294,0
DA:295,0
DA:296,0
DA:297,0
DA:298,0
DA:299,0
DA:300,0
DA:301,0
DA:302,0
DA:303,0
DA:304,0
DA:305,0
DA:306,0
DA:307,0
DA:308,0
DA:309,0
DA:310,0
DA:311,0
DA:312,0
DA:313,0
DA:314,0
DA:315,0
DA:316,0
DA:317,0
DA:318,0
DA:319,0
DA:320,0
DA:321,0
DA:322,0
DA:323,0
DA:324,0
DA:325,0
DA:326,0
DA:327,0
DA:328,0
DA:329,0
DA:330,0
DA:331,0
DA:332,0
DA:333,0
DA:334,0
DA:335,0
DA:336,0
DA:337,0
DA:338,0
DA:339,0
DA:340,0
DA:341,0
DA:342,0
DA:343,0
DA:344,0
DA:345,0
DA:346,0
DA:347,0
DA:348,0
DA:349,0
DA:350,0
DA:351,0
DA:352,0
DA:353,0
DA:354,0
DA:355,0
DA:356,0
DA:357,0
DA:358,0
DA:359,0
DA:360,0
DA:361,0
DA:362,0
DA:363,0
DA:364,0
DA:365,0
DA:366,0
DA:367,0
DA:368,0
DA:369,0
DA:370,0
DA:371,0
DA:372,0
DA:373,0
DA:374,0
DA:375,0
DA:376,0
DA:377,0
DA:378,0
DA:379,0
DA:380,0
DA:381,0
DA:382,0
DA:383,0
DA:384,0
DA:385,0
DA:386,0
DA:387,0
DA:388,0
DA:389,0
DA:390,0
DA:391,0
DA:392,0
DA:393,0
DA:394,0
DA:395,0
DA:396,0
DA:397,0
DA:398,0
DA:399,0
DA:400,0
DA:401,0
DA:402,0
DA:403,0
DA:404,0
DA:405,0
DA:406,0
DA:407,0
DA:408,0
DA:409,0
DA:410,0
DA:411,0
DA:412,0
DA:413,0
DA:414,0
DA:415,0
DA:416,0
DA:417,0
DA:418,0
DA:419,0
DA:420,0
DA:421,0
DA:422,0
DA:423,0
DA:424,0
DA:425,0
DA:426,0
DA:427,0
DA:428,0
DA:429,0
DA:430,0
DA:431,0
DA:432,0
DA:433,0
DA:434,0
DA:435,0
DA:436,0
DA:437,0
DA:438,0
DA:439,0
DA:440,0
DA:441,0
DA:442,0
DA:443,0
DA:444,0
DA:445,0
DA:446,0
DA:447,0
DA:448,0
DA:449,0
DA:450,0
DA:451,0
DA:452,0
DA:453,0
DA:454,0
DA:455,0
DA:456,0
DA:457,0
DA:458,0
DA:459,0
DA:460,0
DA:461,0
DA:462,0
DA:463,0
DA:464,0
DA:465,0
DA:466,0
DA:467,0
DA:468,0
DA:469,0
DA:470,0
DA:471,0
DA:472,0
DA:473,0
DA:474,0
DA:475,0
DA:476,0
DA:477,0
DA:478,0
DA:479,0
DA:480,0
DA:481,0
DA:482,0
DA:483,0
DA:484,0
DA:485,0
DA:486,0
DA:487,0
DA:488,0
DA:489,0
DA:490,0
DA:491,0
DA:492,0
DA:493,0
DA:494,0
DA:495,0
DA:496,0
DA:497,0
DA:498,0
DA:499,0
DA:500,0
DA:501,0
DA:502,0
DA:503,0
DA:504,0
DA:505,0
DA:506,0
DA:507,0
DA:508,0
DA:509,0
DA:510,0
DA:511,0
DA:512,0
DA:513,0
DA:514,0
DA:515,0
DA:516,0
DA:517,0
DA:518,0
DA:519,0
DA:520,0
DA:521,0
DA:522,0
DA:523,0
DA:524,0
DA:525,0
DA:526,0
DA:527,0
DA:528,0
DA:529,0
DA:530,0
DA:531,0
DA:532,0
DA:533,0
DA:534,0
DA:535,0
DA:536,0
DA:537,0
DA:538,0
DA:539,0
DA:540,0
DA:541,0
DA:542,0
DA:543,0
DA:544,0
DA:545,0
DA:546,0
DA:547,0
DA:548,0
DA:549,0
DA:550,0
DA:551,0
DA:552,0
DA:553,0
DA:554,0
DA:555,0
DA:556,0
DA:557,0
DA:558,0
DA:559,0
DA:560,0
DA:561,0
DA:562,0
DA:563,0
DA:564,0
DA:565,0
DA:566,0
DA:567,0
DA:568,0
DA:569,0
DA:570,0
DA:571,0
DA:572,0
DA:573,0
DA:574,0
DA:575,0
DA:576,0
DA:577,0
DA:578,0
DA:579,0
DA:580,0
DA:581,0
DA:582,0
DA:583,0
DA:584,0
DA:585,0
DA:586,0
DA:587,0
DA:588,0
DA:589,0
DA:590,0
DA:591,0
DA:592,0
DA:593,0
DA:594,0
DA:595,0
DA:596,0
DA:597,0
DA:598,0
DA:599,0
DA:600,0
DA:601,0
DA:602,0
DA:603,0
DA:604,0
DA:605,0
DA:606,0
DA:607,0
DA:608,0
DA:609,0
DA:610,0
DA:611,0
DA:612,0
DA:613,0
DA:614,0
DA:615,0
DA:616,0
DA:617,0
DA:618,0
DA:619,0
DA:620,0
DA:621,0
DA:622,0
DA:623,0
DA:624,0
DA:625,0
DA:626,0
DA:627,0
DA:628,0
DA:629,0
DA:630,0
DA:631,0
DA:632,0
DA:633,0
DA:634,0
DA:635,0
DA:636,0
DA:637,0
DA:638,0
DA:639,0
DA:640,0
DA:641,0
DA:642,0
DA:643,0
DA:644,0
DA:645,0
DA:646,0
DA:647,0
DA:648,0
DA:649,0
DA:650,0
DA:651,0
DA:652,0
DA:653,0
DA:654,0
DA:655,0
DA:656,0
DA:657,0
DA:658,0
DA:659,0
DA:660,0
DA:661,0
DA:662,0
DA:663,0
DA:664,0
DA:665,0
DA:666,0
DA:667,0
DA:668,0
DA:669,0
DA:670,0
DA:671,0
DA:672,0
DA:673,0
DA:674,0
DA:675,0
DA:676,0
DA:677,0
DA:678,0
DA:679,0
DA:680,0
DA:681,0
DA:682,0
DA:683,0
DA:684,0
DA:685,0
DA:686,0
DA:687,0
DA:688,0
DA:689,0
DA:690,0
DA:691,0
DA:692,0
DA:693,0
DA:694,0
DA:695,0
DA:696,0
DA:697,0
DA:698,0
DA:699,0
DA:700,0
DA:701,0
DA:702,0
DA:703,0
DA:704,0
DA:705,0
DA:706,0
DA:707,0
DA:708,0
DA:709,0
DA:710,0
DA:711,0
DA:712,0
DA:713,0
DA:714,0
DA:715,0
DA:716,0
DA:717,0
DA:718,0
DA:719,0
DA:720,0
DA:721,0
DA:722,0
DA:723,0
DA:724,0
DA:725,0
DA:726,0
DA:727,0
DA:728,0
DA:729,0
DA:730,0
DA:731,0
DA:732,0
DA:733,0
DA:734,0
DA:735,0
DA:736,0
DA:737,0
DA:738,0
DA:739,0
DA:740,0
DA:741,0
DA:742,0
DA:743,0
DA:744,0
DA:745,0
DA:746,0
DA:747,0
DA:748,0
DA:749,0
DA:750,0
DA:751,0
DA:752,0
DA:753,0
DA:754,0
DA:755,0
DA:756,0
DA:757,0
DA:758,0
DA:759,0
DA:760,0
DA:761,0
DA:762,0
DA:763,0
DA:764,0
DA:765,0
DA:766,0
DA:767,0
DA:768,0
DA:769,0
DA:770,0
DA:771,0
DA:772,0
DA:773,0
DA:774,0
DA:775,0
DA:776,0
DA:777,0
DA:778,0
DA:779,0
DA:780,0
DA:781,0
DA:782,0
DA:783,0
DA:784,0
DA:785,0
DA:786,0
DA:787,0
DA:788,0
DA:789,0
DA:790,0
DA:791,0
DA:792,0
DA:793,0
DA:794,0
DA:795,0
DA:796,0
DA:797,0
DA:798,0
DA:799,0
DA:800,0
DA:801,0
DA:802,0
DA:803,0
DA:804,0
DA:805,0
DA:806,0
DA:807,0
DA:808,0
DA:809,0
DA:810,0
DA:811,0
DA:812,0
DA:813,0
DA:814,0
DA:815,0
DA:816,0
DA:817,0
DA:818,0
DA:819,0
DA:820,0
DA:821,0
DA:822,0
DA:823,0
DA:824,0
DA:825,0
DA:826,0
DA:827,0
DA:828,0
DA:829,0
DA:830,0
DA:831,0
DA:832,0
DA:833,0
DA:834,0
DA:835,0
DA:836,0
DA:837,0
DA:838,0
DA:839,0
DA:840,0
DA:841,0
DA:842,0
DA:843,0
DA:844,0
DA:845,0
DA:846,0
DA:847,0
DA:848,0
DA:849,0
DA:850,0
DA:851,0
DA:852,0
DA:853,0
DA:854,0
DA:855,0
DA:856,0
DA:857,0
DA:858,0
DA:859,0
DA:860,0
DA:861,0
DA:862,0
DA:863,0
DA:864,0
DA:865,0
DA:866,0
DA:867,0
DA:868,0
DA:869,0
DA:870,0
DA:871,0
DA:872,0
DA:873,0
DA:874,0
DA:875,0
DA:876,1
DA:885,9
DA:886,11
DA:887,31
DA:889,23
DA:890,77
DA:891,8
DA:892,35
DA:894,12
DA:895,0
DA:896,6
DA:898,16
DA:899,22
DA:900,26
DA:901,34
DA:902,30
DA:903,45
DA:904,1
DA:905,0
DA:906,0
DA:907,2
DA:916,11
DA:917,11
DA:918,31
DA:920,23
DA:921,79
DA:922,8
DA:923,37
DA:925,21
DA:926,11
DA:927,0
DA:929,0
DA:930,0
DA:931,0
DA:932,0
DA:933,0
DA:934,0
DA:935,0
DA:936,0
DA:937,0
DA:938,2
DA:948,37
DA:949,11
DA:950,31
DA:952,23
DA:953,53
DA:954,8
DA:955,35
DA:957,12
DA:958,0
DA:959,6
DA:961,22
DA:962,22
DA:963,26
DA:964,48
DA:965,21
DA:966,8
DA:968,32
DA:969,59
DA:970,6
DA:972,11
DA:973,0
DA:974,0
DA:975,2
DA:985,39
DA:986,11
DA:987,31
DA:989,23
DA:990,55
DA:991,8
DA:992,37
DA:994,21
DA:995,11
DA:996,0
DA:998,0
DA:999,0
DA:1000,0
DA:1001,0
DA:1002,0
DA:1003,0
DA:1005,0
DA:1006,0
DA:1007,0
DA:1009,0
DA:1010,0
DA:1011,0
DA:1012,2
DA:1021,13
DA:1022,11
DA:1023,31
DA:1025,251
DA:1031,20
DA:1033,0
DA:1034,0
DA:1035,0
DA:1036,0
DA:1037,0
DA:1038,0
DA:1039,1
DA:1040,0
DA:1041,0
DA:1042,0
DA:1043,0
DA:1044,0
DA:1045,0
DA:1046,0
DA:1047,0
DA:1048,0
DA:1049,0
DA:1050,0
DA:1051,0
DA:1052,0
DA:1053,0
DA:1054,0
DA:1055,0
DA:1056,0
DA:1057,0
DA:1058,0
DA:1059,0
DA:1060,0
DA:1061,0
DA:1062,0
DA:1063,0
DA:1064,0
DA:1065,0
DA:1066,0
DA:1067,0
DA:1068,0
DA:1069,0
DA:1070,0
DA:1071,0
DA:1072,0
DA:1073,0
DA:1074,0
DA:1075,0
DA:1076,0
DA:1077,0
DA:1078,0
DA:1079,0
DA:1080,0
DA:1081,0
DA:1082,0
DA:1083,0
DA:1084,0
DA:1085,0
DA:1086,0
DA:1087,0
DA:1088,0
DA:1089,0
DA:1090,0
DA:1091,0
DA:1092,0
DA:1093,0
DA:1094,0
DA:1095,0
DA:1096,0
DA:1097,0
DA:1098,0
DA:1099,0
DA:1100,0
DA:1101,0
DA:1102,0
DA:1103,0
DA:1104,0
DA:1105,0
DA:1106,0
DA:1107,0
DA:1108,0
DA:1109,1
DA:1115,12
DA:1116,49
DA:1117,0
DA:1118,0
DA:1119,0
DA:1120,0
DA:1121,4
DA:1123,25
DA:1124,0
DA:1125,0
DA:1126,0
DA:1127,0
DA:1128,4
DA:1130,25
DA:1133,12
DA:1134,15
DA:1135,0
DA:1136,0
DA:1137,0
DA:1138,0
DA:1139,4
DA:1141,25
DA:1142,0
DA:1143,0
DA:1144,0
DA:1145,0
DA:1146,4
DA:1148,0
DA:1149,0
DA:1150,0
DA:1151,0
DA:1152,0
DA:1153,0
DA:1154,0
DA:1155,0
DA:1156,0
DA:1157,0
DA:1158,0
DA:1159,0
DA:1160,0
DA:1161,0
DA:1162,0
DA:1163,0
DA:1164,0
DA:1165,0
DA:1166,0
DA:1167,0
DA:1168,0
DA:1169,0
DA:1170,0
DA:1171,0
DA:1172,0
DA:1173,0
DA:1174,0
DA:1175,0
DA:1176,0
DA:1177,0
DA:1178,0
DA:1179,0
DA:1180,0
DA:1181,0
DA:1182,0
DA:1183,1
DA:1186,1
DA:1191,37
DA:1197,0
DA:1198,0
DA:1199,1
DA:1207,0
DA:1208,0
DA:1209,0
DA:1210,0
LF:1212
LH:127
end_of_record
TN:
SF:tests\services\auth.test.ts
FNF:96
FNH:93
DA:4,93
DA:5,54
DA:6,52
DA:9,31
DA:10,18
DA:12,20
DA:13,34
DA:14,35
DA:15,4
DA:17,19
DA:18,35
DA:19,4
DA:21,40
DA:22,57
DA:23,52
DA:25,58
DA:27,40
DA:28,40
DA:29,54
DA:30,62
DA:31,60
DA:32,47
DA:33,57
DA:34,41
DA:35,47
DA:36,6
DA:38,60
DA:39,52
DA:41,43
DA:44,45
DA:45,99
DA:47,47
DA:48,61
DA:49,62
DA:50,6
DA:52,66
DA:53,52
DA:56,43
DA:59,58
DA:61,41
DA:62,58
DA:63,64
DA:64,42
DA:65,42
DA:66,6
DA:68,51
DA:69,29
DA:70,18
DA:71,21
DA:72,22
DA:73,18
DA:74,8
DA:76,61
DA:78,41
DA:79,57
DA:80,6
DA:82,48
DA:83,29
DA:84,37
DA:85,28
DA:86,8
DA:88,58
DA:90,41
DA:91,58
DA:92,54
DA:93,6
DA:95,53
DA:96,29
DA:97,37
DA:98,21
DA:99,8
DA:101,58
DA:103,41
DA:104,58
DA:105,57
DA:106,6
DA:108,51
DA:109,37
DA:111,52
DA:112,58
DA:114,40
DA:117,71
DA:118,69
DA:119,4
DA:120,4
DA:122,33
DA:123,23
DA:124,15
DA:126,22
DA:127,52
DA:128,72
DA:129,37
DA:130,6
DA:132,55
DA:133,27
DA:134,36
DA:135,39
DA:136,8
DA:138,56
DA:140,40
DA:141,40
DA:142,60
DA:143,57
DA:144,41
DA:145,47
DA:146,6
DA:148,58
DA:149,27
DA:150,41
DA:151,39
DA:152,8
DA:154,56
DA:156,41
DA:157,62
DA:158,68
DA:159,6
DA:161,61
DA:162,27
DA:163,36
DA:164,32
DA:165,8
DA:167,56
DA:169,41
DA:170,62
DA:171,68
DA:172,6
DA:174,57
DA:176,64
DA:178,27
DA:179,36
DA:180,39
DA:181,8
DA:183,56
DA:185,41
DA:186,62
DA:187,57
DA:188,6
DA:190,54
DA:191,27
DA:192,36
DA:193,39
DA:194,8
DA:196,37
DA:197,41
DA:198,36
DA:200,58
DA:201,46
DA:203,65
DA:204,64
DA:205,59
DA:206,4
DA:207,4
DA:209,38
DA:210,15
DA:212,22
DA:213,52
DA:214,58
DA:215,29
DA:216,6
DA:218,42
DA:219,58
DA:221,33
DA:222,36
DA:223,50
DA:224,43
DA:225,6
DA:227,45
DA:228,68
DA:229,75
DA:231,33
DA:232,36
DA:233,50
DA:234,43
DA:235,6
DA:237,60
DA:238,57
DA:239,30
DA:241,87
DA:242,36
DA:243,6
DA:245,50
DA:246,28
DA:247,29
DA:248,25
DA:249,21
DA:250,8
DA:252,70
DA:254,40
DA:255,64
DA:256,62
DA:257,61
DA:258,6
DA:260,69
DA:262,54
DA:263,45
DA:266,87
DA:268,41
DA:269,57
DA:270,6
DA:272,42
DA:273,84
DA:275,64
DA:277,40
DA:280,58
DA:281,53
DA:282,26
DA:283,10
DA:284,9
DA:286,44
DA:287,6
DA:289,55
DA:291,72
DA:292,50
DA:294,56
DA:295,41
DA:298,68
DA:299,48
DA:301,52
DA:302,39
DA:303,6
DA:305,38
DA:306,58
DA:308,40
DA:310,58
DA:311,29
DA:312,4
DA:313,4
DA:315,38
DA:316,15
DA:318,22
DA:319,37
DA:321,52
DA:322,58
DA:323,29
DA:324,6
DA:326,41
DA:327,59
DA:329,46
DA:330,46
DA:332,32
DA:333,44
DA:334,7
DA:335,6
DA:337,46
DA:338,67
DA:340,40
DA:342,59
DA:343,66
DA:344,6
DA:346,48
DA:348,52
DA:351,67
DA:353,40
DA:355,59
DA:356,67
DA:357,6
DA:359,55
DA:360,79
DA:362,41
DA:363,56
DA:364,6
DA:366,52
DA:368,52
DA:371,67
DA:373,41
DA:374,57
DA:375,4
DA:376,4
DA:378,35
DA:379,22
DA:380,37
DA:383,35
DA:384,55
DA:385,40
DA:386,32
DA:387,29
DA:388,11
DA:389,43
DA:390,5
DA:391,6
DA:393,56
DA:394,71
DA:396,41
DA:397,57
DA:398,46
DA:399,34
DA:400,51
DA:402,0
DA:404,7
DA:405,6
DA:407,56
DA:408,73
DA:409,76
DA:411,50
DA:412,51
DA:413,6
DA:415,48
DA:416,81
DA:418,42
DA:419,61
DA:420,6
DA:422,47
DA:423,69
DA:425,42
DA:426,53
DA:427,6
DA:429,37
DA:430,51
DA:431,24
DA:432,22
DA:433,9
DA:435,53
DA:438,44
DA:439,0
DA:440,1
DA:441,4
DA:442,4
DA:444,37
DA:445,60
DA:447,45
DA:448,17
DA:450,52
DA:451,58
DA:453,41
DA:454,56
DA:457,37
DA:458,6
DA:460,52
DA:461,56
DA:462,32
DA:464,60
DA:465,32
DA:466,4
DA:467,4
DA:469,24
DA:470,67
DA:471,26
DA:473,36
DA:474,55
DA:475,43
DA:476,11
DA:477,52
DA:478,6
DA:480,50
DA:483,65
DA:486,51
DA:487,36
DA:488,26
DA:490,62
DA:491,35
DA:493,26
DA:494,35
DA:495,55
DA:496,37
DA:497,11
DA:498,52
DA:499,6
DA:501,34
DA:503,33
DA:504,43
DA:507,43
DA:508,24
DA:509,3
DA:510,2
LF:510
LH:362
end_of_record
TN:
SF:tests\setup.ts
FNF:29
FNH:16
DA:4,99
DA:5,88
DA:6,68
DA:7,66
DA:8,53
DA:11,40
DA:12,70
DA:15,30
DA:16,41
DA:17,40
DA:18,32
DA:23,16
DA:24,63
DA:26,9
DA:28,31
DA:31,26
DA:34,36
DA:36,67
DA:37,0
DA:38,0
DA:39,1
DA:41,3
DA:46,15
DA:47,60
DA:49,9
DA:52,64
DA:53,0
DA:54,1
DA:56,3
DA:61,17
DA:63,29
DA:64,0
DA:65,0
DA:66,2
DA:69,23
DA:70,3
DA:75,15
DA:78,3
DA:83,26
DA:87,7
DA:88,26
DA:94,7
DA:95,0
DA:96,0
DA:97,0
DA:98,0
DA:99,0
DA:100,0
DA:101,0
DA:102,2
DA:108,8
DA:109,22
DA:115,22
DA:116,14
DA:117,45
DA:118,35
DA:119,24
DA:120,23
DA:121,24
DA:122,13
DA:123,3
DA:129,0
DA:130,0
DA:131,0
DA:132,0
DA:133,0
DA:134,0
DA:135,2
DA:141,0
DA:142,0
DA:143,0
DA:144,0
DA:145,0
DA:146,0
DA:147,0
DA:148,0
DA:149,0
DA:150,0
DA:151,0
DA:152,0
DA:153,0
DA:154,0
DA:155,0
DA:156,0
DA:157,0
DA:158,0
DA:159,0
DA:160,0
DA:161,0
DA:162,0
DA:163,0
DA:164,0
DA:165,0
DA:166,0
DA:167,0
DA:168,0
DA:169,0
DA:170,0
DA:171,0
DA:172,0
DA:173,0
DA:174,0
DA:175,0
DA:176,0
DA:177,0
DA:178,0
DA:179,0
DA:180,0
DA:181,0
DA:182,0
DA:183,0
DA:184,0
DA:185,0
DA:186,0
DA:187,0
DA:188,0
DA:189,0
DA:190,0
DA:191,0
DA:192,0
DA:193,0
DA:194,0
DA:195,0
DA:196,2
DA:202,0
DA:203,0
DA:204,0
DA:205,0
DA:206,2
DA:212,0
DA:213,0
DA:214,2
DA:220,12
DA:221,38
DA:222,41
DA:223,45
DA:224,44
DA:225,44
DA:226,45
DA:227,45
DA:229,48
DA:235,12
DA:236,38
DA:237,40
DA:238,46
DA:244,0
DA:245,0
DA:246,0
DA:247,0
DA:248,0
DA:249,1
DA:251,2
DA:254,31
DA:255,14
DA:256,15
DA:257,12
DA:258,17
DA:259,2
DA:262,28
DA:264,20
DA:267,18
DA:268,48
DA:269,2
DA:272,25
DA:273,0
DA:274,0
DA:275,0
DA:276,0
DA:277,0
DA:278,0
DA:279,0
DA:280,1
DA:282,23
DA:283,0
DA:284,1
DA:286,64
LF:286
LH:84
end_of_record
